Arguments: 
  /usr/local/bin/node /opt/yarn-v1.22.19/bin/yarn.js add react-dom@latest

PATH: 
  /usr/local/sbin:/usr/local/bin:/usr/sbin:/usr/bin:/sbin:/bin

Yarn version: 
  1.22.19

Node version: 
  18.17.0

Platform: 
  linux x64

Trace: 
  Error: ENOENT: no such file or directory, open '/root/.cache/yarn/v6/npm-engine-io-6.5.3-80b0692912cef3a417e1b7433301d6397bf0374b-integrity/node_modules/engine.io/.yarn-tarball.tgz'

npm manifest: 
  {
    "name": "myapp",
    "private": true,
    "version": "0.0.0",
    "type": "module",
    "scripts": {
      "dev": "vite",
      "build": "tsc && vite build",
      "lint": "eslint . --ext ts,tsx --report-unused-disable-directives --max-warnings 0",
      "preview": "vite preview"
    },
    "dependencies": {
      "react": "^18.2.0",
      "react-dom": "^18.2.0",
      "socket.io": "^4.7.2",
      "socket.io-client": "^4.7.2"
    },
    "devDependencies": {
      "@types/react": "^18.2.15",
      "@types/react-dom": "^18.2.7",
      "@typescript-eslint/eslint-plugin": "^6.0.0",
      "@typescript-eslint/parser": "^6.0.0",
      "@vitejs/plugin-react": "^4.0.3",
      "bun-types": "^1.0.5-canary.20231009T140142",
      "eslint": "^8.45.0",
      "eslint-plugin-react-hooks": "^4.6.0",
      "eslint-plugin-react-refresh": "^0.4.3",
      "typescript": "^5.0.2",
      "vite": "^4.4.5"
    }
  }

yarn manifest: 
  No manifest

Lockfile: 
  No lockfile
